This is TeX, Version 3.14159 (Web2C 7.3.1) (format=latex 2001.3.27)  29 SEP 2001 10:42
**./images.tex
(./images.tex
LaTeX2e <1999/12/01> patch level 1
Babel <v3.6Z> and hyphenation patterns for american, french, german, ngerman, i
talian, portuges, russian, spanish, nohyphenation, loaded.

(/usr/share/texmf/tex/latex/base/article.cls
Document Class: article 1999/09/10 v1.4a Standard LaTeX document class
(/usr/share/texmf/tex/latex/base/size12.clo
File: size12.clo 1999/09/10 v1.4a Standard LaTeX file (size option)
)
\c@part=\count79
\c@section=\count80
\c@subsection=\count81
\c@subsubsection=\count82
\c@paragraph=\count83
\c@subparagraph=\count84
\c@figure=\count85
\c@table=\count86
\abovecaptionskip=\skip41
\belowcaptionskip=\skip42
\bibindent=\dimen102
) (/usr/share/texmf/tex/latex/base/ifthen.sty
Package: ifthen 1999/09/10 v1.1b Standard LaTeX ifthen package (DPC)
) (/usr/share/texmf/tex/latex/psnfss/palatino.sty
Package: palatino 1999/03/29 PSNFSS v.7.2 Palatino font as default roman : S Ra
htz
) (/usr/share/texmf/tex/latex/graphics/graphicx.sty
Package: graphicx 1999/02/16 v1.0f Enhanced LaTeX Graphics (DPC,SPQR)
(/usr/share/texmf/tex/latex/graphics/keyval.sty
Package: keyval 1999/03/16 v1.13 key=value parser (DPC)
\KV@toks@=\toks14
) (/usr/share/texmf/tex/latex/graphics/graphics.sty
Package: graphics 1999/02/16 v1.0l Standard LaTeX Graphics (DPC,SPQR)
(/usr/share/texmf/tex/latex/graphics/trig.sty
Package: trig 1999/03/16 v1.09 sin cos tan (DPC)
) (/usr/share/texmf/tex/latex/config/graphics.cfg)
Package graphics Info: Driver file: dvips.def on input line 80.
(/usr/share/texmf/tex/latex/graphics/dvips.def
File: dvips.def 1999/02/16 v3.0i Driver-dependant file (DPC,SPQR)
))
\Gin@req@height=\dimen103
\Gin@req@width=\dimen104
) (/usr/share/texmf/tex/latex/html/html.sty
Package: html 1999/07/19 v1.38 hypertext commands for latex2html (nd, hws, rrm)

\c@lpart=\count87
\c@lchapter=\count88
\c@chapter=\count89
\c@lsection=\count90
\c@lsubsection=\count91
\c@lsubsubsection=\count92
\c@lparagraph=\count93
\c@lsubparagraph=\count94
\c@lsubsubparagraph=\count95
\ptrfile=\write3
) (/usr/share/texmf/tex/latex/graphics/color.sty
Package: color 1999/02/16 v1.0i Standard LaTeX Color (DPC)
(/usr/share/texmf/tex/latex/config/color.cfg)
Package color Info: Driver file: dvips.def on input line 125.
(/usr/share/texmf/tex/latex/graphics/dvipsnam.def
File: dvipsnam.def 1999/02/16 v3.0i Driver-dependant file (DPC,SPQR)
)) (/usr/share/texmf/tex/latex/base/inputenc.sty
Package: inputenc 1999/09/17 v0.992 Input encoding file 
)
\sizebox=\box26
\lthtmlwrite=\write4
(images.aux)
\openout1 = `images.aux'.

LaTeX Font Info:    Checking defaults for OML/cmm/m/it on input line 116.
LaTeX Font Info:    ... okay on input line 116.
LaTeX Font Info:    Checking defaults for T1/cmr/m/n on input line 116.
LaTeX Font Info:    ... okay on input line 116.
LaTeX Font Info:    Checking defaults for OT1/cmr/m/n on input line 116.
LaTeX Font Info:    ... okay on input line 116.
LaTeX Font Info:    Checking defaults for OMS/cmsy/m/n on input line 116.
LaTeX Font Info:    ... okay on input line 116.
LaTeX Font Info:    Checking defaults for OMX/cmex/m/n on input line 116.
LaTeX Font Info:    ... okay on input line 116.
LaTeX Font Info:    Checking defaults for U/cmr/m/n on input line 116.
LaTeX Font Info:    ... okay on input line 116.
LaTeX Font Info:    Try loading font information for OT1+ppl on input line 116.

(/usr/share/texmf/tex/latex/psnfss/ot1ppl.fd
File: ot1ppl.fd 1998/07/06 Fontinst v1.800 font definitions for OT1/ppl.
)

latex2htmlLength hsize=349.0pt

latex2htmlLength vsize=664.50787pt

latex2htmlLength hoffset=0.0pt

latex2htmlLength voffset=0.0pt

latex2htmlLength topmargin=0.0pt

latex2htmlLength topskip=0.00003pt

latex2htmlLength headheight=0.0pt

latex2htmlLength headsep=0.0pt

latex2htmlLength parskip=5.69054pt

latex2htmlLength oddsidemargin=-28.45274pt

latex2htmlLength evensidemargin=-28.45274pt

LaTeX Font Info:    External font `cmex10' loaded for size
(Font)              <12> on input line 140.
LaTeX Font Info:    External font `cmex10' loaded for size
(Font)              <8> on input line 140.
LaTeX Font Info:    External font `cmex10' loaded for size
(Font)              <6> on input line 140.
l2hSize :tex2html_wrap_inline534:8.4419pt::0.0pt::7.04305pt.
[1



]
l2hSize :tex2html_wrap_inline536:8.4419pt::0.0pt::38.27322pt.
[2


]
l2hSize :tex2html_wrap_inline540:8.4419pt::0.0pt::28.72334pt.
[3


]
l2hSize :tex2html_wrap_inline542:8.4419pt::0.0pt::9.1187pt.
[4


]
l2hSize :tex2html_wrap_inline200:8.9419pt::8.9419pt::12.66667pt.
[5


]
l2hSize :displaymath13:17.5pt::0.0pt::349.0pt.
[6


]
l2hSize :displaymath15:26.29602pt::0.0pt::349.0pt.
[7


]
l2hSize :displaymath21:23.94461pt::0.0pt::349.0pt.
[8


]
l2hSize :tex2html_wrap_inline202:9.5pt::9.5pt::22.79008pt.
[9


]
l2hSize :tex2html_wrap_inline204:11.49763pt::11.49763pt::52.83289pt.
[10


]
l2hSize :displaymath25:25.08282pt::0.0pt::349.0pt.
[11


]
l2hSize :tex2html_wrap_inline208:11.49763pt::11.49763pt::81.87715pt.
[12


]
l2hSize :displaymath29:17.5pt::0.0pt::349.0pt.
[13


]
l2hSize :tex2html_wrap_inline210:8.4419pt::0.0pt::8.34717pt.
[14


]
l2hSize :tex2html_wrap_inline212:9.5pt::9.5pt::26.69145pt.
[15


]
l2hSize :tex2html_wrap_inline218:8.4419pt::0.0pt::18.91057pt.
[16


]
l2hSize :displaymath32:44.90947pt::0.0pt::349.0pt.
[17


]
File: click1.ps Graphic file (type eps)
<click1.ps>
l2hSize :tex2html_wrap603:239.00398pt::0.0pt::349.0pt.
[18


]
l2hSize :displaymath46:28.08282pt::0.0pt::349.0pt.
[19


]
l2hSize :displaymath51:34.63152pt::0.0pt::349.0pt.
[20


]
l2hSize :tex2html_wrap_inline234:9.9532pt::0.0pt::19.77634pt.
[21


]
l2hSize :tex2html_wrap_inline240:9.5pt::9.5pt::50.07104pt.
[22


]
File: click2.ps Graphic file (type eps)
<click2.ps>
l2hSize :tex2html_wrap618:239.00398pt::0.0pt::349.0pt.
[23


]
File: click3.ps Graphic file (type eps)
<click3.ps>
l2hSize :tex2html_wrap626:239.00398pt::0.0pt::349.0pt.
[24


]
File: click4.ps Graphic file (type eps)
<click4.ps>
l2hSize :tex2html_wrap630:239.00398pt::0.0pt::349.0pt.
[25


]
l2hSize :tex2html_wrap_inline250:9.5pt::9.5pt::18.79292pt.
[26


]
l2hSize :displaymath80:17.85555pt::0.0pt::349.0pt.
[27


]
l2hSize :tex2html_wrap_inline252:8.9419pt::8.9419pt::13.86967pt.
[28


]
l2hSize :tex2html_wrap_inline254:8.9419pt::8.9419pt::14.76318pt.
[29


]
l2hSize :tex2html_wrap_inline256:8.4419pt::0.0pt::4.84305pt.
[30


]
l2hSize :tex2html_wrap_inline260:8.4419pt::0.0pt::9.40828pt.
[31


]
Overfull \hbox (25.01955pt too wide) detected at line 367
\OML/cmm/m/it/12 A\OT1/cmr/m/n/12 (\OML/cmm/m/it/12 t\OT1/cmr/m/n/12 ) = \OML/c
mm/m/it/12 E\OT1/cmr/m/n/12 (\OML/cmm/m/it/12 t \OT1/cmr/m/n/12 + \OML/cmm/m/it
/12 T=\OT1/cmr/m/n/12 2) \OMS/cmsy/m/n/12 ^^@ \OML/cmm/m/it/12 E\OT1/cmr/m/n/12
 (\OML/cmm/m/it/12 t \OMS/cmsy/m/n/12 ^^@ \OML/cmm/m/it/12 T=\OT1/cmr/m/n/12 2)
 = [][] \OML/cmm/m/it/12 dt[]\OT1/cmr/m/n/12 [\OML/cmm/m/it/12 ^^N\OT1/cmr/m/n/
12 (\OML/cmm/m/it/12 t \OT1/cmr/m/n/12 + \OML/cmm/m/it/12 T=\OT1/cmr/m/n/12 2 \
OMS/cmsy/m/n/12 ^^@ \OML/cmm/m/it/12 t[]\OT1/cmr/m/n/12 ) \OMS/cmsy/m/n/12 ^^@ 
\OML/cmm/m/it/12 ^^N\OT1/cmr/m/n/12 (\OML/cmm/m/it/12 t \OMS/cmsy/m/n/12 ^^@ \O
ML/cmm/m/it/12 T=\OT1/cmr/m/n/12 2 \OMS/cmsy/m/n/12 ^^@ \OML/cmm/m/it/12 t[]\OT
1/cmr/m/n/12 )]\OML/cmm/m/it/12 E\OT1/cmr/m/n/12 (\OML/cmm/m/it/12 t[]\OT1/cmr/
m/n/12 )
 []

l2hSize :displaymath82:23.94461pt::0.0pt::349.0pt.
[32


]
l2hSize :displaymath85:27.5627pt::0.0pt::349.0pt.
[33


]
l2hSize :tex2html_wrap_inline262:9.5pt::9.5pt::21.90677pt.
[34


]
l2hSize :displaymath91:31.00029pt::0.0pt::349.0pt.
[35


]
l2hSize :tex2html_wrap_inline266:8.79916pt::0.0pt::12.8069pt.
[36


]
l2hSize :tex2html_wrap_inline268:8.4419pt::0.0pt::10.00134pt.
[37


]
l2hSize :displaymath100:17.5pt::0.0pt::349.0pt.
[38


]
l2hSize :displaymath102:31.00029pt::0.0pt::349.0pt.
[39


]
l2hSize :tex2html_wrap_indisplay651:11.49763pt::11.49763pt::25.41089pt.
[40


]
l2hSize :tex2html_wrap_indisplay652:8.9419pt::8.9419pt::9.73883pt.
[41


]
l2hSize :tex2html_wrap_indisplay653:22.9001pt::22.9001pt::53.34715pt.
[42


]
l2hSize :tex2html_wrap_indisplay654:11.49763pt::11.49763pt::29.69283pt.
[43


]
l2hSize :tex2html_wrap_indisplay656:16.48517pt::16.48517pt::50.87892pt.
[44


]
l2hSize :tex2html_wrap_inline274:9.5pt::9.5pt::26.1887pt.
[45


]
l2hSize :tex2html_wrap_inline276:8.4419pt::0.0pt::18.13873pt.
[46


]
l2hSize :tex2html_wrap_inline278:8.4419pt::0.0pt::14.63461pt.
[47


]
l2hSize :tex2html_wrap_indisplay661:10.61026pt::10.61026pt::28.52347pt.
[48


]
l2hSize :tex2html_wrap_indisplay663:17.489pt::17.489pt::168.0165pt.
[49


]
l2hSize :tex2html_wrap_indisplay664:10.61026pt::10.61026pt::32.02759pt.
[50


]
l2hSize :tex2html_wrap_indisplay666:17.489pt::17.489pt::196.30501pt.
[51


]
l2hSize :displaymath122:27.73131pt::0.0pt::349.0pt.
[52


]
l2hSize :displaymath128:18.60982pt::0.0pt::349.0pt.
[53


]
l2hSize :tex2html_wrap_inline280:9.5pt::9.5pt::20.03873pt.
[54


]
l2hSize :tex2html_wrap_inline282:9.5pt::9.5pt::123.60637pt.
[55


]
l2hSize :displaymath133:31.00029pt::0.0pt::349.0pt.
[56


]
l2hSize :tex2html_wrap_inline284:9.5pt::9.5pt::30.63446pt.
[57


]
l2hSize :displaymath145:28.0095pt::0.0pt::349.0pt.
[58


]
File: click9.ps Graphic file (type eps)
<click9.ps>
l2hSize :tex2html_wrap679:239.00398pt::0.0pt::349.0pt.
[59


]
l2hSize :tex2html_wrap_inline290:8.4419pt::0.0pt::36.67393pt.
[60


]
File: click5.ps Graphic file (type eps)
<click5.ps>
l2hSize :tex2html_wrap689:239.00398pt::0.0pt::349.0pt.
[61


]
File: click6.ps Graphic file (type eps)
<click6.ps>
l2hSize :tex2html_wrap697:239.00398pt::0.0pt::349.0pt.
[62


]
File: click7.ps Graphic file (type eps)
<click7.ps>
l2hSize :tex2html_wrap705:239.00398pt::0.0pt::349.0pt.
[63


]
File: click8.ps Graphic file (type eps)
<click8.ps>
l2hSize :tex2html_wrap709:239.00398pt::0.0pt::349.0pt.
[64


] (images.aux) ) 
Here is how much of TeX's memory you used:
 1125 strings out of 20863
 13545 string characters out of 196073
 57201 words of memory out of 350001
 4086 multiletter control sequences out of 10000+15000
 6804 words of font info for 24 fonts, out of 400000 for 1000
 26 hyphenation exceptions out of 10000
 25i,8n,19p,329b,217s stack positions out of 3000i,100n,1500p,50000b,4000s

Output written on images.dvi (64 pages, 17752 bytes).
