This is pdfeTeX, Version 3.141592-1.21a-2.2 (Web2C 7.5.4) (format=latex 2006.8.23)  28 NOV 2008 23:57
entering extended mode
**\makeatletter\def\HCode{\futurelet\HCode\HChar}\def\HChar{\ifx"\HCode\def\HCo
de"##1"{\Link##1}\expandafter\HCode\else\expandafter\Link\fi}\def\Link#1.a.b.c.
{\g@addto@macro\@documentclasshook{\RequirePackage[#1,html]{tex4ht}}\let\HCode\
documentstyle\def\documentstyle{\let\documentstyle\HCode\expandafter\def\csname
 tex4ht\endcsname{#1,html}\def\HCode####1{\documentstyle[tex4ht,}\@ifnextchar[{
\HCode}{\documentstyle[tex4ht]}}}\makeatother\HCode .a.b.c.\input  ultimatic
(./ultimatic.tex (/usr/share/texmf/tex/latex/base/article.cls
Document Class: article 2004/02/16 v1.4f Standard LaTeX document class
(/usr/share/texmf/tex/latex/base/size12.clo
File: size12.clo 2004/02/16 v1.4f Standard LaTeX file (size option)
)
\c@part=\count79
\c@section=\count80
\c@subsection=\count81
\c@subsubsection=\count82
\c@paragraph=\count83
\c@subparagraph=\count84
\c@figure=\count85
\c@table=\count86
\abovecaptionskip=\skip41
\belowcaptionskip=\skip42
\bibindent=\dimen102
)
(/usr/share/texmf/tex/generic/tex4ht/tex4ht.sty
version 2008-06-09-17:02
Package: tex4ht 
--------------------------------------
--- Note --- for _ at preamble, use the command line option `early_'
--------------------------------------
--------------------------------------
--- Note --- for ^ at preamble, use the command line option `early^'
--------------------------------------
\tmp:toks=\toks14
)
(/usr/share/texmf/tex/generic/tex4ht/usepackage.4ht
version 2008-06-13-13:45
)
(/usr/share/texmf/tex/latex/graphics/graphicx.sty
Package: graphicx 1999/02/16 v1.0f Enhanced LaTeX Graphics (DPC,SPQR)

(/usr/share/texmf/tex/latex/graphics/keyval.sty
Package: keyval 1999/03/16 v1.13 key=value parser (DPC)
\KV@toks@=\toks15
)
(/usr/share/texmf/tex/latex/graphics/graphics.sty
Package: graphics 2001/07/07 v1.0n Standard LaTeX Graphics (DPC,SPQR)

(/usr/share/texmf/tex/latex/graphics/trig.sty
Package: trig 1999/03/16 v1.09 sin cos tan (DPC)
)
(/usr/share/texmf/tex/latex/graphics/graphics.cfg
File: graphics.cfg 2005/02/03 v1.3 graphics configuration of teTeX/TeXLive
)
Package graphics Info: Driver file: dvips.def on input line 80.

(/usr/share/texmf/tex/latex/graphics/dvips.def
File: dvips.def 1999/02/16 v3.0i Driver-dependant file (DPC,SPQR)
))
\Gin@req@height=\dimen103
\Gin@req@width=\dimen104
)
(/usr/share/texmf/tex/latex/tools/verbatim.sty
Package: verbatim 2003/08/22 v1.5q LaTeX2e package for verbatim enhancements
\every@verbatim=\toks16
\verbatim@line=\toks17
\verbatim@in@stream=\read1
)
(/usr/share/texmf/tex/generic/tex4ht/tex4ht.4ht
version 2006-02-22-12:25
--------------------------------------
--- Note --- for additional information, use the command line option `info'
--------------------------------------

::::::::::::::::::::::::::::::::::::::::::
 TeX4ht info is available in the log file 
::::::::::::::::::::::::::::::::::::::::::
) (/usr/share/texmf/tex/generic/tex4ht/tex4ht.sty
version 2008-06-09-17:02

--- needs --- tex4ht ultimatic ---
\tmp:cnt=\count87
\openout15 = `ultimatic.tmp'.

(./ultimatic.tmp)
\tmp:dim=\skip43
--------------------------------------
--- Note --- for XML code, use the command line option `xml' or `xhtml'
--------------------------------------
 (./ultimatic.xref)
\:refout=\write3
\openout3 = `ultimatic.xref'.


(/usr/share/texmf/tex/generic/tex4ht/html4.4ht
version 2008-06-13-00:02
--------------------------------------
--- Note --- to remove the DOCTYPE declaration use the command line option `no-
DOCTYPE'
--------------------------------------
)
(/usr/share/texmf/tex/generic/tex4ht/html4-math.4ht
version 2008-06-13-00:02
)
--------------------------------------
--- Note --- for marking of the base font, use the command line option `fonts+'

--------------------------------------
--------------------------------------
--- Note --- for non active _, use the command line option `no_'
--------------------------------------
--------------------------------------
--- Note --- for _ of catcode 13, use the command line option `_13'
--------------------------------------
--------------------------------------
--- Note --- for non active ^, use the command line option `no^'
--------------------------------------
--------------------------------------
--- Note --- for ^ of catcode 13, use the command line option `^13'
--------------------------------------

(/usr/share/texmf/tex/generic/tex4ht/html4.4ht
version 2008-06-13-00:02
--------------------------------------
--- Note --- for alternative charset, use the command line option `charset=...'

--------------------------------------
--------------------------------------
--- Note --- to ignore CSS font decoration, use the `NoFonts' command line opti
on
--------------------------------------
--------------------------------------
--- Note --- for jpg bitmaps of pictures, use the `jpg' command line option. (C
haracter bitmaps are controled only by `g' records of tex4ht.env and `-g' switc
hes of tex4ht.c) 
--------------------------------------
--------------------------------------
--- Note --- for gif bitmaps of pictures, use the `gif' command line option. (C
haracter bitmaps are controled only by `g' records of tex4ht.env and `-g' switc
hes of tex4ht.c) 
--------------------------------------
--------------------------------------
--- Note --- for content and toc in 2 frames, use the command line option `fram
es'
--------------------------------------
--------------------------------------
--- Note --- for content, toc, and footnotes in 3 frames, use the command line 
option `frames-fn'
--------------------------------------
--------------------------------------
--- Note --- for file extension name xht, use the command line option `xht'
--------------------------------------
TeX4ht package options: html
--------------------------------------
--- Note --- to ignore CSS code, use the command line option `-css
--------------------------------------
--------------------------------------
--- Note --- for inline CSS code, use the command line option `css-in'
--------------------------------------
--------------------------------------
--- Note --- for pop ups on mouse over, use the command line option `mouseover'

--------------------------------------
--------------------------------------
--- Note --- for addressing images in a subdirectory, use the command line opti
on `imgdir:.../'
--------------------------------------
)
(/usr/share/texmf/tex/generic/tex4ht/html4-math.4ht
version 2008-06-13-00:02
)
\:tokwrite=\toks18
\:tokpage=\toks19
--------------------------------------
--- Note --- for back links to toc, use the command line option `sections+'
--------------------------------------
--------------------------------------
--- Note --- for linear crosslinks of pages, use the command line option `next'

--------------------------------------
\openout15 = `ultimatic.4ct'.

\:tocout=\write4
\openout4 = `ultimatic.4tc'.


(/usr/share/texmf/tex/generic/tex4ht/html4.4ht
version 2008-06-13-00:02
)
(/usr/share/texmf/tex/generic/tex4ht/html4-math.4ht
version 2008-06-13-00:02
)
(/usr/share/texmf/tex/generic/tex4ht/latex.4ht
version 2008-06-13-13:45
--------------------------------------
--- Note --- for links into captions, instead of float heads, use the command l
ine option `refcaption'
--------------------------------------

(/usr/share/texmf/tex/generic/tex4ht/html4.4ht
version 2008-06-13-00:02
--------------------------------------
--- Note --- For mini tocs immediately aftter the header use the command line o
ption `minitoc<'
--------------------------------------
--------------------------------------
--- Note --- for enumerated list elements li's with value attributes, use the c
ommand line option `li-'
--------------------------------------
--------------------------------------
--- Note --- for CSS2 code, use the command line option `css2'
--------------------------------------
--------------------------------------
--- Note --- for pictorial tabular, use the command line option `pic-tabular'
--------------------------------------
--------------------------------------
--- Note --- for bitmap fbox'es, use the command line option `pic-fbox'
--------------------------------------
--------------------------------------
--- Note --- for bitmap framebox'es, use the command line option `pic-framebox'

--------------------------------------
--------------------------------------
--- Note --- for inline footnotes use command line option `fn-in'
--------------------------------------
--------------------------------------
--- Note --- for a JavaHelp output format, use the command line option `javahel
p'
--------------------------------------
--------------------------------------
--- Note --- for tracing of latex font commands, use the command line option `f
onts'
--------------------------------------
--------------------------------------
--- Note --- for width specifications of tabular p entries, use the `p-width' c
ommand line option or a configuration similar to \Configure{HColWidth}{\HCode{ 
style="width:\HColWidth"}}
--------------------------------------
)
(/usr/share/texmf/tex/generic/tex4ht/html4-math.4ht
version 2008-06-13-00:02
--------------------------------------
--- Note --- for pictorial eqnarray, use the command line option `pic-eqnarray'

--------------------------------------
--------------------------------------
--- Note --- for pictorial array, use the command line option `pic-array'
--------------------------------------
--------------------------------------
--- Note --- for pictorial $...$ environments, use the command line option `pic
-m' (not recommended!!)
--------------------------------------
--------------------------------------
--- Note --- for pictorial $...$ and $$...$$ environments with latex alt, use t
he command line option `pic-m+' (not safe!!)
--------------------------------------
--------------------------------------
--- Note --- for pictorial array, use the command line option `pic-array'
--------------------------------------
))
(/usr/share/texmf/tex/generic/tex4ht/fontmath.4ht
version 2008-06-13-13:45

(/usr/share/texmf/tex/generic/tex4ht/html4.4ht
version 2008-06-13-00:02
)
(/usr/share/texmf/tex/generic/tex4ht/html4-math.4ht
version 2008-06-13-00:02
))
(/usr/share/texmf/tex/generic/tex4ht/article.4ht
version 2008-06-13-13:45

(/usr/share/texmf/tex/generic/tex4ht/html4.4ht
version 2008-06-13-00:02
--------------------------------------
--- Note --- for automatic sectioning pagination, use the command line option `
1', `2', `3', '4', '5', '6', or '7'
--------------------------------------
--------------------------------------
--- Note --- for files named derived from section titles, use the command line 
option `sec-filename'
--------------------------------------
--------------------------------------
--- Note --- for i-columns index, use the command line option `index=i' (e.g., 
index=2)
--------------------------------------
)
(/usr/share/texmf/tex/generic/tex4ht/html4-math.4ht
version 2008-06-13-00:02
))
(/usr/share/texmf/tex/generic/tex4ht/graphicx.4ht
version 2008-06-13-13:45

(/usr/share/texmf/tex/generic/tex4ht/html4.4ht
version 2008-06-13-00:02
)
(/usr/share/texmf/tex/generic/tex4ht/html4-math.4ht
version 2008-06-13-00:02
))
(/usr/share/texmf/tex/generic/tex4ht/graphics.4ht
version 2008-06-13-13:45

(/usr/share/texmf/tex/generic/tex4ht/html4.4ht
version 2008-06-13-00:02
--------------------------------------
--- Note --- if included graphics are of degraded quality, try the command line
 options `graphics-num' or `graphics-'. The `num' should provide the density of
 pixels in the bitmaps (e.g., 110). 
--------------------------------------
--------------------------------------
--- Note --- for key dimensions try the option `Gin-dim'; for key dimensions wh
en bounding box is unavailable try `Gin-dim+'; neither is recommended
--------------------------------------
)
(/usr/share/texmf/tex/generic/tex4ht/html4-math.4ht
version 2008-06-13-00:02
))
(/usr/share/texmf/tex/generic/tex4ht/dvips.4ht
version 2008-06-13-13:45

(/usr/share/texmf/tex/generic/tex4ht/html4.4ht
version 2008-06-13-00:02
)
(/usr/share/texmf/tex/generic/tex4ht/html4-math.4ht
version 2008-06-13-00:02
))
(/usr/share/texmf/tex/generic/tex4ht/verbatim.4ht
version 2008-06-13-13:45

(/usr/share/texmf/tex/generic/tex4ht/html4.4ht
version 2008-06-13-00:02
)
(/usr/share/texmf/tex/generic/tex4ht/html4-math.4ht
version 2008-06-13-00:02
))
(/usr/share/texmf/tex/generic/tex4ht/html4.4ht
version 2008-06-13-00:02
)
(/usr/share/texmf/tex/generic/tex4ht/html4-math.4ht
version 2008-06-13-00:02
)) (./ultimatic.aux)
\openout1 = `ultimatic.aux'.

LaTeX Font Info:    Checking defaults for OML/cmm/m/it on input line 12.
LaTeX Font Info:    ... okay on input line 12.
LaTeX Font Info:    Checking defaults for T1/cmr/m/n on input line 12.
LaTeX Font Info:    ... okay on input line 12.
LaTeX Font Info:    Checking defaults for OT1/cmr/m/n on input line 12.
LaTeX Font Info:    ... okay on input line 12.
LaTeX Font Info:    Checking defaults for OMS/cmsy/m/n on input line 12.
LaTeX Font Info:    ... okay on input line 12.
LaTeX Font Info:    Checking defaults for OMX/cmex/m/n on input line 12.
LaTeX Font Info:    ... okay on input line 12.
LaTeX Font Info:    Checking defaults for U/cmr/m/n on input line 12.
LaTeX Font Info:    ... okay on input line 12.
--- file ultimatic.css ---

[1

] [2]
LaTeX Font Info:    External font `cmex10' loaded for size
(Font)              <14.4> on input line 21.
LaTeX Font Info:    External font `cmex10' loaded for size
(Font)              <7> on input line 21.
--- file ultimatic2.html ---
--- file ultimatic3.html ---
--- file ultimatic4.html ---
 [3


]
--- file ultimatic5.html ---
--- file ultimatic6.html ---
LaTeX Font Info:    External font `cmex10' loaded for size
(Font)              <12> on input line 82.
LaTeX Font Info:    External font `cmex10' loaded for size
(Font)              <8> on input line 82.
LaTeX Font Info:    External font `cmex10' loaded for size
(Font)              <6> on input line 82.
 [4



] [5]
l. 209 Writing ultimatic.idv[1] (ultimatic0x.png)
l. 212 Writing ultimatic.idv[2] (ultimatic1x.png)
 [6]
--- file ultimatic7.html ---
l. 233 Writing ultimatic.idv[3] (ultimatic2x.png)
--- file ultimatic8.html ---
--- file ultimatic9.html ---
 [7

] [8


]
--- file ultimatic10.html ---
--- file ultimatic11.html ---
 [9


] [10

] [11] [12

] [13

] [14

] [15

] [16

] [17

]
[18

] [19

] [20

] [21

] [22] [23

]
l. 449 Writing ultimatic.idv[4] (ultimatic3x.png)
File: fig1a.eps Graphic file (type eps)
 <fig1a.eps>
l. 451 Writing ultimatic.idv[5] (ultimatic4x.png)
File: fig1b.eps Graphic file (type eps)
 <fig1b.eps>
l. 453 Writing ultimatic.idv[6] (ultimatic5x.png)
File: fig1c.eps Graphic file (type eps)
 <fig1c.eps> [24

] [25

]
[26

]
l. 466 Writing ultimatic.idv[7] (ultimatic6x.png)
File: fig2a.eps Graphic file (type eps)
 <fig2a.eps>
l. 468 Writing ultimatic.idv[8] (ultimatic7x.png)
File: fig2b.eps Graphic file (type eps)
 <fig2b.eps>
l. 470 Writing ultimatic.idv[9] (ultimatic8x.png)
File: fig2c.eps Graphic file (type eps)
 <fig2c.eps> [27

] [28

] [29

]
l. 481 Writing ultimatic.idv[10] (ultimatic9x.png)
File: fig3.eps Graphic file (type eps)
 <fig3.eps> [30

]
[31

] [32

]
l. 515 Writing ultimatic.idv[11] (ultimatic10x.png)
File: fig4.eps Graphic file (type eps)
 <fig4.eps> [33

] [34

] [35

]
l. 528 Writing ultimatic.idv[12] (ultimatic11x.png)
File: fig5.eps Graphic file (type eps)
 <fig5.eps> [36

] [37

] [38

]
l. 537 Writing ultimatic.idv[13] (ultimatic12x.png)
File: fig6.eps Graphic file (type eps)
 <fig6.eps>
[39

] [40

] [41

]
l. 565 Writing ultimatic.idv[14] (ultimatic13x.png)
File: fig7.eps Graphic file (type eps)
 <fig7.eps> [42

] [43

] [44

]
l. 578 Writing ultimatic.idv[15] (ultimatic14x.png)
File: fig8.eps Graphic file (type eps)
 <fig8.eps> [45

] [46

] [47]
File: 16f690/ultimatic.asm  (verbatim)
 [48

]
[49]
File: 16f690/processor.h  (verbatim)
File: 16f690/my16f690.lkr  (verbatim)
 [50] [51] (./ultimatic.aux) ) 
Here is how much of TeX's memory you used:
 4188 strings out of 94501
 45416 string characters out of 1176789
 225673 words of memory out of 1000000
 7309 multiletter control sequences out of 10000+50000
 9624 words of font info for 34 fonts, out of 500000 for 2000
 580 hyphenation exceptions out of 1000
 28i,9n,25p,944b,517s stack positions out of 1500i,500n,5000p,200000b,5000s

Output written on ultimatic.dvi (51 pages, 138880 bytes).
