This is TeX, Version 3.14159 (C version 6.1) (format=latex 97.10.4)  3 SEP 1998 23:53
**./images.tex
(images.tex
LaTeX2e <1996/12/01>
Babel <v3.6h> and hyphenation patterns for american, german, italian, loaded.

(/usr/lib/texmf/texmf/tex/latex/base/article.cls
Document Class: article 1996/10/31 v1.3u Standard LaTeX document class
(/usr/lib/texmf/texmf/tex/latex/base/size12.clo
File: size12.clo 1996/10/31 v1.3u Standard LaTeX file (size option)
)
\c@part=\count79
\c@section=\count80
\c@subsection=\count81
\c@subsubsection=\count82
\c@paragraph=\count83
\c@subparagraph=\count84
\c@figure=\count85
\c@table=\count86
\abovecaptionskip=\skip41
\belowcaptionskip=\skip42
\bibindent=\dimen102
)
\sizebox=\box26
\lthtmlwrite=\write3
(images.aux)
LaTeX Font Info:    Checking defaults for OML/cmm/m/it on input line 65.
LaTeX Font Info:    ... okay on input line 65.
LaTeX Font Info:    Checking defaults for T1/cmr/m/n on input line 65.
LaTeX Font Info:    ... okay on input line 65.
LaTeX Font Info:    Checking defaults for OT1/cmr/m/n on input line 65.
LaTeX Font Info:    ... okay on input line 65.
LaTeX Font Info:    Checking defaults for OMS/cmsy/m/n on input line 65.
LaTeX Font Info:    ... okay on input line 65.
LaTeX Font Info:    Checking defaults for OMX/cmex/m/n on input line 65.
LaTeX Font Info:    ... okay on input line 65.
LaTeX Font Info:    Checking defaults for U/cmr/m/n on input line 65.
LaTeX Font Info:    ... okay on input line 65.
latex2htmlLength hsize=349.0pt
latex2htmlLength vsize=664.50787pt
latex2htmlLength hoffset=0.0pt
latex2htmlLength voffset=0.0pt
latex2htmlLength topmargin=0.0pt
latex2htmlLength topskip=0.00002pt
latex2htmlLength headheight=0.0pt
latex2htmlLength headsep=0.0pt
latex2htmlLength parskip=5.69054pt
latex2htmlLength oddsidemargin=-28.45274pt
latex2htmlLength evensidemargin=-28.45274pt
LaTeX Font Info:    External font `cmex10' loaded for size
(Font)              <12> on input line 86.
LaTeX Font Info:    External font `cmex10' loaded for size
(Font)              <8> on input line 86.
LaTeX Font Info:    External font `cmex10' loaded for size
(Font)              <6> on input line 86.
l2hSize :tex2html_wrap_indisplay299:18.00014pt::18.00014pt::59.66737pt.
[1


]
l2hSize :equation96:33.50014pt::0.0pt::349.0pt.(8)
[2


] (images.aux) ) 
Here is how much of TeX's memory you used:
 260 strings out of 10902
 2560 string characters out of 72114
 46586 words of memory out of 262141
 3206 multiletter control sequences out of 9500
 6376 words of font info for 23 fonts, out of 150000 for 255
 14 hyphenation exceptions out of 607
 22i,8n,21p,155b,196s stack positions out of 300i,40n,60p,3000b,4000s

Output written on images.dvi (2 pages, 1036 bytes).
